<?xml version="1.0" encoding="UTF-8"?>
<!-- Generated by org.testng.reporters.JUnitXMLReporter -->
<testsuite hostname="Ashrafuls-MBP.fios-router.home" failures="0" tests="50" name="/Users/ashraf/Documents/SeleniumPagefactoryFramework" time="173.337" errors="0" timestamp="22 Sep 2019 13:16:27 GMT">
  <testcase classname="homePage.homePageTest" name="homePageContactInfoVerify" time="1.274"/>
  <testcase classname="homePage.homePageTest" name="SearchVerify" time="1.133"/>
  <testcase classname="homePage.homePageTest" name="verifyHatSearch" time="1.158"/>
  <testcase classname="homePage.homePageTest" name="verifyShoeSearch" time="1.035"/>
  <testcase classname="homePage.homePageTest" name="verifyDressSearch" time="1.196"/>
  <testcase classname="homePage.homePageTest" name="verifyBlouseSearch" time="1.026"/>
  <testcase classname="homePage.homePageTest" name="verifyWomenButton" time="0.022"/>
  <testcase classname="homePage.homePageTest" name="verifyTshirtButton" time="0.026"/>
  <testcase classname="homePage.homePageTest" name="verifyPopularButton" time="1.284"/>
  <testcase classname="homePage.homePageTest" name="verifyBestSellersButton" time="1.279"/>
  <testcase classname="homePage.homePageTest" name="verifySpecialsButton" time="0.027"/>
  <testcase classname="homePage.homePageTest" name="verifyNewProductsButton" time="0.028"/>
  <testcase classname="homePage.homePageTest" name="verifyBestsellersButton" time="0.027"/>
  <testcase classname="homePage.homePageTest" name="verifyOurStoresButton" time="0.024"/>
  <testcase classname="homePage.homePageTest" name="verifyContactUsButton" time="0.033"/>
  <testcase classname="homePage.homePageTest" name="verifyAboutUsButton" time="0.027"/>
  <testcase classname="homePage.homePageTest" name="verifySitemapButton" time="0.076"/>
  <testcase classname="homePage.homePageTest" name="verifyMyOrdersButton" time="0.031"/>
  <testcase classname="homePage.homePageTest" name="verifyMyCreditSlipsButton" time="0.025"/>
  <testcase classname="homePage.homePageTest" name="verifyMyAddressesButton" time="0.022"/>
  <testcase classname="homePage.homePageTest" name="verifyMyPersonalinfoButton" time="0.02"/>
  <testcase classname="homePage.homePageTest" name="verifyCustomerService" time="0.697"/>
  <testcase classname="login.LoginTest" name="invalidLoginVerify" time="2.299"/>
  <testcase classname="login.LoginTest" name="validLoginVerify" time="2.737"/>
  <testcase classname="login.LoginTest" name="validLoginWithLogOutVerify" time="1.169"/>
  <testcase classname="login.LoginTest" name="invalidCreateAccountVerify" time="0.991"/>
  <testcase classname="login.LoginTest" name="invalidSignUpAccountVerify" time="9.153"/>
  <testcase classname="contactPage.ContactPageTest" name="verifyCustomerContact" time="12.329"/>
  <testcase classname="catalogPage.CatalogPageTest" name="verifyCatalogWomenDisplay" time="5.348"/>
  <testcase classname="catalogPage.CatalogPageTest" name="verifyCatalogDressDisplay" time="5.038"/>
  <testcase classname="catalogPage.CatalogPageTest" name="verifyCatalogTshirtDisplay" time="5.041"/>
  <testcase classname="catalogPage.CatalogPageTest" name="verifyWomenTshirtsDisplay" time="5.077"/>
  <testcase classname="catalogPage.CatalogPageTest" name="verifyWomenBlousesDisplay" time="5.135"/>
  <testcase classname="catalogPage.CatalogPageTest" name="verifyWomenCasualDressesDisplay" time="5.141"/>
  <testcase classname="catalogPage.CatalogPageTest" name="verifyWomenEveningDressesDisplay" time="5.273"/>
  <testcase classname="catalogPage.CatalogPageTest" name="verifyWomenSummerDressesDisplay" time="5.17"/>
  <testcase classname="catalogPage.CatalogPageTest" name="verifyWomenFilerProduct" time="12.101"/>
  <testcase classname="cartPage.CartPageTest" name="verifyViewCart" time="11.305"/>
  <testcase classname="cartPage.CartPageTest" name="verifyCartSummaryBar" time="11.473"/>
  <testcase classname="cartPage.CartPageTest" name="verifyCartSigninBar" time="11.595"/>
  <testcase classname="cartPage.CartPageTest" name="verifyCartAddressBar" time="7.633"/>
  <testcase classname="cartPage.CartPageTest" name="verifyCartShippingBar" time="1.235"/>
  <testcase classname="cartPage.CartPageTest" name="verifyCartPaymentBar" time="1.132"/>
  <testcase classname="cartPage.CartPageTest" name="verifyAddCart" time="7.294"/>
  <testcase classname="cartPage.CartPageTest" name="verifyCartProductBlouseQuantity" time="2.461"/>
  <testcase classname="cartPage.CartPageTest" name="verifyCartProductChiffonDressQuantity" time="2.206"/>
  <testcase classname="socialMediaPage.SocialMediaPageTest" name="verifySocialBlockFacebook" time="3.426"/>
  <testcase classname="socialMediaPage.SocialMediaPageTest" name="verifySocialBlockTwitter" time="1.168"/>
  <testcase classname="socialMediaPage.SocialMediaPageTest" name="verifySocialBlockYoutube" time="2.254"/>
  <testcase classname="socialMediaPage.SocialMediaPageTest" name="verifySocialBlockGoogleplus" time="1.224"/>
</testsuite> <!-- /Users/ashraf/Documents/SeleniumPagefactoryFramework -->
