<?xml version="1.0" encoding="UTF-8"?>
<!-- Generated by org.testng.reporters.JUnitXMLReporter -->
<testsuite hostname="Ashrafuls-MBP.frontierlocal.net" failures="0" tests="9" name="CartPageTest" time="44.706" errors="0" timestamp="26 Oct 2019 21:22:27 GMT">
  <testcase classname="cartPage.CartPageTest" name="verifyViewCart" time="3.579"/>
  <testcase classname="cartPage.CartPageTest" name="verifyCartSummaryBar" time="3.691"/>
  <testcase classname="cartPage.CartPageTest" name="verifyCartSigninBar" time="3.85"/>
  <testcase classname="cartPage.CartPageTest" name="verifyCartAddressBar" time="2.531"/>
  <testcase classname="cartPage.CartPageTest" name="verifyCartShippingBar" time="2.358"/>
  <testcase classname="cartPage.CartPageTest" name="verifyCartPaymentBar" time="3.447"/>
  <testcase classname="cartPage.CartPageTest" name="verifyAddCart" time="8.471"/>
  <testcase classname="cartPage.CartPageTest" name="verifyCartProductBlouseQuantity" time="4.632"/>
  <testcase classname="cartPage.CartPageTest" name="verifyCartProductChiffonDressQuantity" time="4.335"/>
</testsuite> <!-- CartPageTest -->
