<?xml version="1.0" encoding="UTF-8"?>
<!-- Generated by org.testng.reporters.JUnitXMLReporter -->
<testsuite hostname="Ashrafuls-MBP.fios-router.home" failures="0" tests="9" name="CatalogPageTest" time="22.749" errors="0" timestamp="2 Nov 2019 14:54:19 GMT">
  <testcase classname="catalogPage.CatalogPageTest" name="verifyCatalogWomenDisplay" time="0.669"/>
  <testcase classname="catalogPage.CatalogPageTest" name="verifyCatalogDressDisplay" time="0.375"/>
  <testcase classname="catalogPage.CatalogPageTest" name="verifyCatalogTshirtDisplay" time="0.186"/>
  <testcase classname="catalogPage.CatalogPageTest" name="verifyWomenTshirtsDisplay" time="0.265"/>
  <testcase classname="catalogPage.CatalogPageTest" name="verifyWomenBlousesDisplay" time="0.544"/>
  <testcase classname="catalogPage.CatalogPageTest" name="verifyWomenCasualDressesDisplay" time="0.62"/>
  <testcase classname="catalogPage.CatalogPageTest" name="verifyWomenEveningDressesDisplay" time="0.259"/>
  <testcase classname="catalogPage.CatalogPageTest" name="verifyWomenSummerDressesDisplay" time="0.291"/>
  <testcase classname="catalogPage.CatalogPageTest" name="verifyWomenFilerProduct" time="3.957"/>
</testsuite> <!-- CatalogPageTest -->
