<?xml version="1.0" encoding="UTF-8"?>
<!-- Generated by org.testng.reporters.JUnitXMLReporter -->
<testsuite hostname="Ashrafuls-MBP.frontierlocal.net" failures="1" tests="1" name="ContactPageTest" time="25.538" errors="0" timestamp="8 Nov 2019 22:55:29 GMT">
  <testcase classname="contactPage.ContactPageTest" name="verifyCustomerContact" time="8.789">
    <failure type="java.lang.NullPointerException">
      <![CDATA[java.lang.NullPointerException
	at reporting.Listeners.Retry.extendReportsFailOperations(Retry.java:38)
	at reporting.Listeners.Retry.retry(Retry.java:25)
	at java.base/java.util.concurrent.FutureTask.run(FutureTask.java:264)
	at java.base/java.util.concurrent.ThreadPoolExecutor.runWorker(ThreadPoolExecutor.java:1128)
	at java.base/java.util.concurrent.ThreadPoolExecutor$Worker.run(ThreadPoolExecutor.java:628)
	at java.base/java.lang.Thread.run(Thread.java:834)
... Removed 12 stack frames]]>
    </failure>
  </testcase> <!-- verifyCustomerContact -->
</testsuite> <!-- ContactPageTest -->
