<?xml version="1.0" encoding="UTF-8"?>
<!-- Generated by org.testng.reporters.JUnitXMLReporter -->
<testsuite hostname="Ashrafuls-MBP.fios-router.home" failures="0" tests="5" name="LoginTest" time="31.011" errors="0" timestamp="2 Nov 2019 14:54:27 GMT">
  <testcase classname="login.LoginTest" name="invalidLoginVerify" time="3.411"/>
  <testcase classname="login.LoginTest" name="validLoginVerify" time="4.082"/>
  <testcase classname="login.LoginTest" name="validLoginWithLogOutVerify" time="1.763"/>
  <testcase classname="login.LoginTest" name="invalidCreateAccountVerify" time="1.303"/>
  <testcase classname="login.LoginTest" name="invalidSignUpAccountVerify" time="4.882"/>
</testsuite> <!-- LoginTest -->
